<?xml version="1.0" encoding="UTF-8"?>
<testng-results ignored="0" total="1" passed="1" failed="0" skipped="0">
  <reporter-output>
  </reporter-output>
  <suite started-at="2024-09-29T06:43:17 IST" name="Default suite" finished-at="2024-09-29T06:43:28 IST" duration-ms="11197">
    <groups>
    </groups>
    <test started-at="2024-09-29T06:43:17 IST" name="Default test" finished-at="2024-09-29T06:43:28 IST" duration-ms="11197">
      <class name="testCases.TC001_UpdateProfile">
        <test-method is-config="true" signature="setup()[pri:0, instance:testCases.TC001_UpdateProfile@dc9876b]" started-at="2024-09-29T06:43:17 IST" name="setup" finished-at="2024-09-29T06:43:22 IST" duration-ms="5616" status="PASS">
          <reporter-output>
          </reporter-output>
        </test-method> <!-- setup -->
        <test-method signature="verify_profile_update()[pri:0, instance:testCases.TC001_UpdateProfile@dc9876b]" started-at="2024-09-29T06:43:22 IST" name="verify_profile_update" finished-at="2024-09-29T06:43:28 IST" duration-ms="5254" status="PASS">
          <reporter-output>
          </reporter-output>
        </test-method> <!-- verify_profile_update -->
        <test-method is-config="true" signature="tearDown()[pri:0, instance:testCases.TC001_UpdateProfile@dc9876b]" started-at="2024-09-29T06:43:28 IST" name="tearDown" finished-at="2024-09-29T06:43:28 IST" duration-ms="264" status="PASS">
          <reporter-output>
          </reporter-output>
        </test-method> <!-- tearDown -->
      </class> <!-- testCases.TC001_UpdateProfile -->
    </test> <!-- Default test -->
  </suite> <!-- Default suite -->
</testng-results>
